{"C:\\Users\\teren\\dev\\construcao-2021\\ifio-api\\src\\main\\model\\Counter.js": {"path":"C:\\Users\\teren\\dev\\construcao-2021\\ifio-api\\src\\main\\model\\Counter.js","all":false,"statementMap":{"0":{"start":{"line":1,"column":0},"end":{"line":1,"column":22}},"1":{"start":{"line":2,"column":0},"end":{"line":2,"column":17}},"2":{"start":{"line":3,"column":0},"end":{"line":3,"column":21}},"3":{"start":{"line":4,"column":0},"end":{"line":4,"column":3}},"4":{"start":{"line":5,"column":0},"end":{"line":5,"column":1}},"5":{"start":{"line":6,"column":0},"end":{"line":6,"column":15}},"6":{"start":{"line":7,"column":0},"end":{"line":7,"column":17}},"7":{"start":{"line":8,"column":0},"end":{"line":8,"column":49}},"8":{"start":{"line":9,"column":0},"end":{"line":9,"column":3}},"9":{"start":{"line":10,"column":0},"end":{"line":10,"column":24}},"10":{"start":{"line":11,"column":0},"end":{"line":11,"column":28}},"11":{"start":{"line":12,"column":0},"end":{"line":12,"column":46}},"12":{"start":{"line":13,"column":0},"end":{"line":13,"column":5}},"13":{"start":{"line":14,"column":0},"end":{"line":14,"column":28}},"14":{"start":{"line":15,"column":0},"end":{"line":15,"column":3}},"15":{"start":{"line":16,"column":0},"end":{"line":16,"column":1}},"16":{"start":{"line":17,"column":0},"end":{"line":17,"column":0}},"17":{"start":{"line":18,"column":0},"end":{"line":18,"column":25}}},"s":{"0":1,"1":1,"2":1,"3":1,"4":1,"5":1,"6":1,"7":1,"8":1,"9":1,"10":32,"11":1,"12":1,"13":32,"14":32,"15":1,"16":1,"17":1},"branchMap":{"0":{"type":"branch","line":2,"loc":{"start":{"line":2,"column":2},"end":{"line":4,"column":3}},"locations":[{"start":{"line":2,"column":2},"end":{"line":4,"column":3}}]},"1":{"type":"branch","line":7,"loc":{"start":{"line":7,"column":2},"end":{"line":9,"column":3}},"locations":[{"start":{"line":7,"column":2},"end":{"line":9,"column":3}}]},"2":{"type":"branch","line":10,"loc":{"start":{"line":10,"column":9},"end":{"line":15,"column":3}},"locations":[{"start":{"line":10,"column":9},"end":{"line":15,"column":3}}]},"3":{"type":"branch","line":11,"loc":{"start":{"line":11,"column":27},"end":{"line":13,"column":5}},"locations":[{"start":{"line":11,"column":27},"end":{"line":13,"column":5}}]}},"b":{"0":[1],"1":[1],"2":[32],"3":[1]},"fnMap":{"0":{"name":"PrivateCounter","decl":{"start":{"line":2,"column":2},"end":{"line":4,"column":3}},"loc":{"start":{"line":2,"column":2},"end":{"line":4,"column":3}},"line":2},"1":{"name":"Counter","decl":{"start":{"line":7,"column":2},"end":{"line":9,"column":3}},"loc":{"start":{"line":7,"column":2},"end":{"line":9,"column":3}},"line":7},"2":{"name":"getInstance","decl":{"start":{"line":10,"column":9},"end":{"line":15,"column":3}},"loc":{"start":{"line":10,"column":9},"end":{"line":15,"column":3}},"line":10}},"f":{"0":1,"1":1,"2":32}}
,"C:\\Users\\teren\\dev\\construcao-2021\\ifio-api\\src\\main\\service\\CounterService.js": {"path":"C:\\Users\\teren\\dev\\construcao-2021\\ifio-api\\src\\main\\service\\CounterService.js","all":false,"statementMap":{"0":{"start":{"line":1,"column":0},"end":{"line":1,"column":13}},"1":{"start":{"line":2,"column":0},"end":{"line":2,"column":0}},"2":{"start":{"line":3,"column":0},"end":{"line":3,"column":44}},"3":{"start":{"line":4,"column":0},"end":{"line":4,"column":0}},"4":{"start":{"line":5,"column":0},"end":{"line":5,"column":39}},"5":{"start":{"line":6,"column":0},"end":{"line":6,"column":23}},"6":{"start":{"line":7,"column":0},"end":{"line":7,"column":9}},"7":{"start":{"line":8,"column":0},"end":{"line":8,"column":56}},"8":{"start":{"line":9,"column":0},"end":{"line":9,"column":17}},"9":{"start":{"line":10,"column":0},"end":{"line":10,"column":65}},"10":{"start":{"line":11,"column":0},"end":{"line":11,"column":5}},"11":{"start":{"line":12,"column":0},"end":{"line":12,"column":19}},"12":{"start":{"line":13,"column":0},"end":{"line":13,"column":0}},"13":{"start":{"line":14,"column":0},"end":{"line":14,"column":22}},"14":{"start":{"line":15,"column":0},"end":{"line":15,"column":9}},"15":{"start":{"line":16,"column":0},"end":{"line":16,"column":38}},"16":{"start":{"line":17,"column":0},"end":{"line":17,"column":56}},"17":{"start":{"line":18,"column":0},"end":{"line":18,"column":17}},"18":{"start":{"line":19,"column":0},"end":{"line":19,"column":64}},"19":{"start":{"line":20,"column":0},"end":{"line":20,"column":5}},"20":{"start":{"line":21,"column":0},"end":{"line":21,"column":18}},"21":{"start":{"line":22,"column":0},"end":{"line":22,"column":0}},"22":{"start":{"line":23,"column":0},"end":{"line":23,"column":22}},"23":{"start":{"line":24,"column":0},"end":{"line":24,"column":9}},"24":{"start":{"line":25,"column":0},"end":{"line":25,"column":38}},"25":{"start":{"line":26,"column":0},"end":{"line":26,"column":56}},"26":{"start":{"line":27,"column":0},"end":{"line":27,"column":17}},"27":{"start":{"line":28,"column":0},"end":{"line":28,"column":64}},"28":{"start":{"line":29,"column":0},"end":{"line":29,"column":5}},"29":{"start":{"line":30,"column":0},"end":{"line":30,"column":18}},"30":{"start":{"line":31,"column":0},"end":{"line":31,"column":11}}},"s":{"0":1,"1":1,"2":1,"3":1,"4":1,"5":1,"6":8,"7":8,"8":8,"9":0,"10":0,"11":1,"12":1,"13":1,"14":6,"15":6,"16":6,"17":6,"18":0,"19":0,"20":1,"21":1,"22":1,"23":6,"24":6,"25":6,"26":6,"27":0,"28":0,"29":1,"30":1},"branchMap":{"0":{"type":"branch","line":6,"loc":{"start":{"line":6,"column":9},"end":{"line":12,"column":4}},"locations":[{"start":{"line":6,"column":9},"end":{"line":12,"column":4}}]},"1":{"type":"branch","line":9,"loc":{"start":{"line":9,"column":6},"end":{"line":11,"column":5}},"locations":[{"start":{"line":9,"column":6},"end":{"line":11,"column":5}}]},"2":{"type":"branch","line":14,"loc":{"start":{"line":14,"column":9},"end":{"line":21,"column":4}},"locations":[{"start":{"line":14,"column":9},"end":{"line":21,"column":4}}]},"3":{"type":"branch","line":18,"loc":{"start":{"line":18,"column":6},"end":{"line":20,"column":5}},"locations":[{"start":{"line":18,"column":6},"end":{"line":20,"column":5}}]},"4":{"type":"branch","line":23,"loc":{"start":{"line":23,"column":9},"end":{"line":30,"column":4}},"locations":[{"start":{"line":23,"column":9},"end":{"line":30,"column":4}}]},"5":{"type":"branch","line":27,"loc":{"start":{"line":27,"column":6},"end":{"line":29,"column":5}},"locations":[{"start":{"line":27,"column":6},"end":{"line":29,"column":5}}]}},"b":{"0":[8],"1":[0],"2":[6],"3":[0],"4":[6],"5":[0]},"fnMap":{"0":{"name":"getCounter","decl":{"start":{"line":6,"column":9},"end":{"line":12,"column":4}},"loc":{"start":{"line":6,"column":9},"end":{"line":12,"column":4}},"line":6},"1":{"name":"increment","decl":{"start":{"line":14,"column":9},"end":{"line":21,"column":4}},"loc":{"start":{"line":14,"column":9},"end":{"line":21,"column":4}},"line":14},"2":{"name":"decrement","decl":{"start":{"line":23,"column":9},"end":{"line":30,"column":4}},"loc":{"start":{"line":23,"column":9},"end":{"line":30,"column":4}},"line":23}},"f":{"0":8,"1":6,"2":6}}
}
