TN:
SF:src\main\model\Counter.js
FN:2,PrivateCounter
FN:7,Counter
FN:10,getInstance
FNF:3
FNH:3
FNDA:1,PrivateCounter
FNDA:1,Counter
FNDA:32,getInstance
DA:1,1
DA:2,1
DA:3,1
DA:4,1
DA:5,1
DA:6,1
DA:7,1
DA:8,1
DA:9,1
DA:10,1
DA:11,32
DA:12,1
DA:13,1
DA:14,32
DA:15,32
DA:16,1
DA:17,1
DA:18,1
LF:18
LH:18
BRDA:2,0,0,1
BRDA:7,1,0,1
BRDA:10,2,0,32
BRDA:11,3,0,1
BRF:4
BRH:4
end_of_record
TN:
SF:src\main\service\CounterService.js
FN:6,getCounter
FN:14,increment
FN:23,decrement
FNF:3
FNH:3
FNDA:8,getCounter
FNDA:6,increment
FNDA:6,decrement
DA:1,1
DA:2,1
DA:3,1
DA:4,1
DA:5,1
DA:6,1
DA:7,8
DA:8,8
DA:9,8
DA:10,0
DA:11,0
DA:12,1
DA:13,1
DA:14,1
DA:15,6
DA:16,6
DA:17,6
DA:18,6
DA:19,0
DA:20,0
DA:21,1
DA:22,1
DA:23,1
DA:24,6
DA:25,6
DA:26,6
DA:27,6
DA:28,0
DA:29,0
DA:30,1
DA:31,1
LF:31
LH:25
BRDA:6,0,0,8
BRDA:9,1,0,0
BRDA:14,2,0,6
BRDA:18,3,0,0
BRDA:23,4,0,6
BRDA:27,5,0,0
BRF:6
BRH:3
end_of_record
